d:\new folder\dynamic_traffic_light_control_in_netsim_vanets_v12.2\dynamic_traffic_workspace\src\simulation\ip\x64\debug\vc142.pdb
d:\new folder\dynamic_traffic_light_control_in_netsim_vanets_v12.2\dynamic_traffic_workspace\src\simulation\ip\x64\debug\vc142.idb
d:\new folder\dynamic_traffic_light_control_in_netsim_vanets_v12.2\dynamic_traffic_workspace\src\simulation\ip\x64\debug\pim_route_msg.obj
d:\new folder\dynamic_traffic_light_control_in_netsim_vanets_v12.2\dynamic_traffic_workspace\src\simulation\ip\x64\debug\pim_route.obj
d:\new folder\dynamic_traffic_light_control_in_netsim_vanets_v12.2\dynamic_traffic_workspace\src\simulation\ip\x64\debug\pim_print.obj
d:\new folder\dynamic_traffic_light_control_in_netsim_vanets_v12.2\dynamic_traffic_workspace\src\simulation\ip\x64\debug\pim_neighbor.obj
d:\new folder\dynamic_traffic_light_control_in_netsim_vanets_v12.2\dynamic_traffic_workspace\src\simulation\ip\x64\debug\pim_msg.obj
d:\new folder\dynamic_traffic_light_control_in_netsim_vanets_v12.2\dynamic_traffic_workspace\src\simulation\ip\x64\debug\pim_join.obj
d:\new folder\dynamic_traffic_light_control_in_netsim_vanets_v12.2\dynamic_traffic_workspace\src\simulation\ip\x64\debug\pim_hello.obj
d:\new folder\dynamic_traffic_light_control_in_netsim_vanets_v12.2\dynamic_traffic_workspace\src\simulation\ip\x64\debug\pim_group.obj
d:\new folder\dynamic_traffic_light_control_in_netsim_vanets_v12.2\dynamic_traffic_workspace\src\simulation\ip\x64\debug\pim_config.obj
d:\new folder\dynamic_traffic_light_control_in_netsim_vanets_v12.2\dynamic_traffic_workspace\src\simulation\ip\x64\debug\nat.obj
d:\new folder\dynamic_traffic_light_control_in_netsim_vanets_v12.2\dynamic_traffic_workspace\src\simulation\ip\x64\debug\multicast.obj
d:\new folder\dynamic_traffic_light_control_in_netsim_vanets_v12.2\dynamic_traffic_workspace\src\simulation\ip\x64\debug\ip_utility.obj
d:\new folder\dynamic_traffic_light_control_in_netsim_vanets_v12.2\dynamic_traffic_workspace\src\simulation\ip\x64\debug\igmp_router.obj
d:\new folder\dynamic_traffic_light_control_in_netsim_vanets_v12.2\dynamic_traffic_workspace\src\simulation\ip\x64\debug\igmp_msg.obj
d:\new folder\dynamic_traffic_light_control_in_netsim_vanets_v12.2\dynamic_traffic_workspace\src\simulation\ip\x64\debug\igmp_host.obj
d:\new folder\dynamic_traffic_light_control_in_netsim_vanets_v12.2\dynamic_traffic_workspace\src\simulation\ip\x64\debug\igmp.obj
d:\new folder\dynamic_traffic_light_control_in_netsim_vanets_v12.2\dynamic_traffic_workspace\src\simulation\ip\x64\debug\icmp.obj
d:\new folder\dynamic_traffic_light_control_in_netsim_vanets_v12.2\dynamic_traffic_workspace\src\simulation\ip\x64\debug\dns.obj
d:\new folder\dynamic_traffic_light_control_in_netsim_vanets_v12.2\dynamic_traffic_workspace\src\simulation\ip\x64\debug\vpn.obj
d:\new folder\dynamic_traffic_light_control_in_netsim_vanets_v12.2\dynamic_traffic_workspace\src\simulation\ip\x64\debug\pim_sm.obj
d:\new folder\dynamic_traffic_light_control_in_netsim_vanets_v12.2\dynamic_traffic_workspace\src\simulation\ip\x64\debug\ip.tlog\cl.command.1.tlog
d:\new folder\dynamic_traffic_light_control_in_netsim_vanets_v12.2\dynamic_traffic_workspace\src\simulation\ip\x64\debug\ip.tlog\cl.read.1.tlog
d:\new folder\dynamic_traffic_light_control_in_netsim_vanets_v12.2\dynamic_traffic_workspace\src\simulation\ip\x64\debug\ip.tlog\cl.write.1.tlog
