d:\new folder\dynamic_traffic_light_control_in_netsim_vanets_v12.2\dynamic_traffic_workspace\src\simulation\mobility\x64\debug\vc142.pdb
d:\new folder\dynamic_traffic_light_control_in_netsim_vanets_v12.2\dynamic_traffic_workspace\src\simulation\mobility\x64\debug\vc142.idb
d:\new folder\dynamic_traffic_light_control_in_netsim_vanets_v12.2\dynamic_traffic_workspace\src\simulation\mobility\x64\debug\sumo_interface.obj
d:\new folder\dynamic_traffic_light_control_in_netsim_vanets_v12.2\dynamic_traffic_workspace\src\simulation\mobility\x64\debug\nodejoin.obj
d:\new folder\dynamic_traffic_light_control_in_netsim_vanets_v12.2\dynamic_traffic_workspace\src\simulation\mobility\x64\debug\mobility.obj
d:\new folder\dynamic_traffic_light_control_in_netsim_vanets_v12.2\dynamic_traffic_workspace\src\simulation\mobility\x64\debug\groupmobility.obj
d:\new folder\dynamic_traffic_light_control_in_netsim_vanets_v12.2\dynamic_traffic_workspace\src\simulation\mobility\x64\debug\geometry.obj
d:\new folder\dynamic_traffic_light_control_in_netsim_vanets_v12.2\dynamic_traffic_workspace\src\simulation\mobility\x64\debug\filebasedmobility.obj
d:\new folder\dynamic_traffic_light_control_in_netsim_vanets_v12.2\dynamic_traffic_workspace\src\simulation\mobility\x64\debug\building.obj
d:\new folder\dynamic_traffic_light_control_in_netsim_vanets_v12.2\dynamic_traffic_workspace\bin\bin_x64\libmobility.dll
d:\new folder\dynamic_traffic_light_control_in_netsim_vanets_v12.2\dynamic_traffic_workspace\bin\bin_x64\mobility.pdb
d:\new folder\dynamic_traffic_light_control_in_netsim_vanets_v12.2\dynamic_traffic_workspace\bin\bin_x64\mobility.lib
d:\new folder\dynamic_traffic_light_control_in_netsim_vanets_v12.2\dynamic_traffic_workspace\bin\bin_x64\mobility.exp
c:\users\hanuman\desktop\dynamic_traffic_light_control_in_netsim_vanets_v12.2\dynamic_traffic_workspace\src\simulation\mobility\x64\debug\building.obj
c:\users\hanuman\desktop\dynamic_traffic_light_control_in_netsim_vanets_v12.2\dynamic_traffic_workspace\src\simulation\mobility\x64\debug\filebasedmobility.obj
c:\users\hanuman\desktop\dynamic_traffic_light_control_in_netsim_vanets_v12.2\dynamic_traffic_workspace\src\simulation\mobility\x64\debug\geometry.obj
c:\users\hanuman\desktop\dynamic_traffic_light_control_in_netsim_vanets_v12.2\dynamic_traffic_workspace\src\simulation\mobility\x64\debug\groupmobility.obj
c:\users\hanuman\desktop\dynamic_traffic_light_control_in_netsim_vanets_v12.2\dynamic_traffic_workspace\src\simulation\mobility\x64\debug\mobility.obj
c:\users\hanuman\desktop\dynamic_traffic_light_control_in_netsim_vanets_v12.2\dynamic_traffic_workspace\src\simulation\mobility\x64\debug\nodejoin.obj
c:\users\hanuman\desktop\dynamic_traffic_light_control_in_netsim_vanets_v12.2\dynamic_traffic_workspace\src\simulation\mobility\x64\debug\sumo_interface.obj
c:\users\hanuman\desktop\dynamic_traffic_light_control_in_netsim_vanets_v12.2\dynamic_traffic_workspace\src\simulation\mobility\x64\debug\vc142.idb
c:\users\hanuman\desktop\dynamic_traffic_light_control_in_netsim_vanets_v12.2\dynamic_traffic_workspace\src\simulation\mobility\x64\debug\vc142.pdb
c:\users\hanuman\desktop\dynamic_traffic_light_control_in_netsim_vanets_v12.2\dynamic_traffic_workspace\src\simulation\mobility\x64\debug\mobility.tlog\cl.command.1.tlog
c:\users\hanuman\desktop\dynamic_traffic_light_control_in_netsim_vanets_v12.2\dynamic_traffic_workspace\src\simulation\mobility\x64\debug\mobility.tlog\cl.read.1.tlog
c:\users\hanuman\desktop\dynamic_traffic_light_control_in_netsim_vanets_v12.2\dynamic_traffic_workspace\src\simulation\mobility\x64\debug\mobility.tlog\cl.write.1.tlog
c:\users\hanuman\desktop\dynamic_traffic_light_control_in_netsim_vanets_v12.2\dynamic_traffic_workspace\src\simulation\mobility\x64\debug\mobility.tlog\link.command.1.tlog
c:\users\hanuman\desktop\dynamic_traffic_light_control_in_netsim_vanets_v12.2\dynamic_traffic_workspace\src\simulation\mobility\x64\debug\mobility.tlog\link.read.1.tlog
c:\users\hanuman\desktop\dynamic_traffic_light_control_in_netsim_vanets_v12.2\dynamic_traffic_workspace\src\simulation\mobility\x64\debug\mobility.tlog\link.write.1.tlog
c:\users\hanuman\desktop\dynamic_traffic_light_control_in_netsim_vanets_v12.2\dynamic_traffic_workspace\src\simulation\mobility\x64\debug\mobility.tlog\mobility.write.1u.tlog
